*----------------------------------------------------------------------------------------
*	Innovus 21.11-s130_1 (64bit) 08/19/2021 16:59 (Linux 3.10.0-693.el7.x86_64)
*	
*
* 	Date & Time:	2025-Apr-11 16:36:36 (2025-Apr-11 14:36:36 GMT)
*
*----------------------------------------------------------------------------------------
*
*	Design: et4351
*
*	Liberty Libraries used: 
*	        analysis_view_hold: /home/nfs/spatil1/project/pnr/checkpoints/et4351_done.enc.dat/libs/mmmc/fast_vdd1v2_basicCells.lib
*	        analysis_view_hold: /home/nfs/spatil1/project/pnr/checkpoints/et4351_done.enc.dat/libs/mmmc/saed32sram_ff1p16vn40c.lib
*
*	Power Domain used: 
*              Rail:        VDD      Voltage:       1.32 
*
*       Power View : analysis_view_hold
*
*       User-Defined Activity : N.A.
*
*	Switching Activity File used: 
*	        ../sim_phys/vcd/et4351.phys.hold.vcd
*                    Vcd Window used(Start Time, Stop Time):   
*                     Vcd Scale Factor: 1 
* *                    Design annotation coverage: 0/39259 = 0% 
*
*       Hierarchical Global Activity: N.A.
*
*       Global Activity: N.A.
*
*       Sequential Element Activity: N.A.
*
*       Primary Input Activity: N.A.
*
*       Default icg ratio: N.A.
*
*       Global Comb ClockGate Ratio: N.A.
*
*	Power Units = 1mW
*
*	Time Units = 1e-09 secs 
*
*       report_power -outfile powerReports/power_hold_fast_vdd1v2_basicCells.rpt
*
-----------------------------------------------------------------------------------------


Total Power 
-----------------------------------------------------------------------------------------
Total Internal Power:        0.29280884 	   74.7981%
Total Switching Power:       0.08226927 	   21.0157%
Total Leakage Power:         0.01638763 	    4.1862%
Total Power:                 0.39146574 
-----------------------------------------------------------------------------------------


Group                           Internal   Switching     Leakage       Total  Percentage 
                                Power      Power         Power         Power  (%)        
-----------------------------------------------------------------------------------------
Sequential                        0.2499   0.0005273    0.004007      0.2544       64.98 
Macro                          1.249e-05   1.112e-05           0   2.361e-05    0.006031 
IO                                     0           0   3.618e-07   3.618e-07   9.242e-05 
Combinational                   0.007685    0.007938     0.01223     0.02785       7.115 
Clock (Combinational)            0.03525     0.07379   0.0001504      0.1092       27.89 
Clock (Sequential)                     0           0           0           0           0 
-----------------------------------------------------------------------------------------
Total                             0.2928     0.08227     0.01639      0.3915         100 
-----------------------------------------------------------------------------------------


Rail                  Voltage   Internal   Switching     Leakage       Total  Percentage 
                                Power      Power         Power         Power  (%)        
-----------------------------------------------------------------------------------------
VDD                      1.32     0.2928     0.08227     0.01639      0.3915         100 


Clock                           Internal   Switching     Leakage       Total  Percentage 
                                Power      Power         Power         Power  (%)        
-----------------------------------------------------------------------------------------
clk                              0.03525     0.07379   0.0001504      0.1092       27.89 
-----------------------------------------------------------------------------------------
Total (excluding duplicates)     0.03525     0.07379   0.0001504      0.1092       27.89 
-----------------------------------------------------------------------------------------
Clock: clk
Clock Period: 0.083330 usec 
Clock Toggle Rate:    23.8098 Mhz 
Clock Static Probability:  0.5000



-----------------------------------------------------------------------------------------
*	Power Distribution Summary: 
*                Highest Average Power:       CTS_ccl_a_buf_00035 (CLKBUFX20):         0.001834 
*                Highest Leakage Power:     CTS_cpc_drv_buf_00353 (CLKBUFX20):         2.21e-06 
*          Total Cap:      1.41634e-10 F
*          Total instances in design: 38344
*          Total instances in design with no power:     0
*          Total instances in design with no activity:     0
*          Total Fillers and Decap:     0
-----------------------------------------------------------------------------------------

