*----------------------------------------------------------------------------------------
*	Innovus 21.11-s130_1 (64bit) 08/19/2021 16:59 (Linux 3.10.0-693.el7.x86_64)
*	
*
* 	Date & Time:	2025-Apr-11 16:05:58 (2025-Apr-11 14:05:58 GMT)
*
*----------------------------------------------------------------------------------------
*
*	Design: et4351
*
*	Liberty Libraries used: 
*	        analysis_view_setup: /home/nfs/spatil1/project/pnr/checkpoints/et4351_done.enc.dat/libs/mmmc/slow_vdd1v0_basicCells.lib
*	        analysis_view_setup: /home/nfs/spatil1/project/pnr/checkpoints/et4351_done.enc.dat/libs/mmmc/saed32sram_ss0p95vn40c.lib
*
*	Power Domain used: 
*              Rail:        VDD      Voltage:        0.9 
*
*       Power View : analysis_view_setup
*
*       User-Defined Activity : N.A.
*
*	Switching Activity File used: 
*	        ../sim_phys/vcd/et4351.phys.setup.vcd
*                    Vcd Window used(Start Time, Stop Time):   
*                     Vcd Scale Factor: 1 
* *                    Design annotation coverage: 0/39259 = 0% 
*
*       Hierarchical Global Activity: N.A.
*
*       Global Activity: N.A.
*
*       Sequential Element Activity: N.A.
*
*       Primary Input Activity: N.A.
*
*       Default icg ratio: N.A.
*
*       Global Comb ClockGate Ratio: N.A.
*
*	Power Units = 1mW
*
*	Time Units = 1e-09 secs 
*
*       report_power -outfile powerReports/power_setup_slow_vdd1v0_basicCells.rpt
*
-----------------------------------------------------------------------------------------


Total Power 
-----------------------------------------------------------------------------------------
Total Internal Power:        0.12248501 	   75.3179%
Total Switching Power:       0.03736819 	   22.9783%
Total Leakage Power:         0.00277089 	    1.7039%
Total Power:                 0.16262408 
-----------------------------------------------------------------------------------------


Group                           Internal   Switching     Leakage       Total  Percentage 
                                Power      Power         Power         Power  (%)        
-----------------------------------------------------------------------------------------
Sequential                        0.1033   0.0002419   0.0006598      0.1042       64.08 
Macro                          1.475e-06   5.128e-06           0   6.603e-06     0.00406 
IO                                     0           0   3.511e-08   3.511e-08   2.159e-05 
Combinational                   0.004539    0.004835    0.002069     0.01144       7.036 
Clock (Combinational)            0.01464     0.03229   4.183e-05     0.04697       28.88 
Clock (Sequential)                     0           0           0           0           0 
-----------------------------------------------------------------------------------------
Total                             0.1225     0.03737    0.002771      0.1626         100 
-----------------------------------------------------------------------------------------


Rail                  Voltage   Internal   Switching     Leakage       Total  Percentage 
                                Power      Power         Power         Power  (%)        
-----------------------------------------------------------------------------------------
VDD                       0.9     0.1225     0.03737    0.002771      0.1626         100 


Clock                           Internal   Switching     Leakage       Total  Percentage 
                                Power      Power         Power         Power  (%)        
-----------------------------------------------------------------------------------------
clk                              0.01464     0.03229   4.183e-05     0.04697       28.88 
-----------------------------------------------------------------------------------------
Total (excluding duplicates)     0.01464     0.03229   4.183e-05     0.04697       28.88 
-----------------------------------------------------------------------------------------
Clock: clk
Clock Period: 0.083330 usec 
Clock Toggle Rate:    23.8094 Mhz 
Clock Static Probability:  0.5000



-----------------------------------------------------------------------------------------
*	Power Distribution Summary: 
*                Highest Average Power:       CTS_ccl_a_buf_00035 (CLKBUFX20):         0.000788 
*                Highest Leakage Power:         CTS_csf_buf_00081 (CLKBUFX20):         6.19e-07 
*          Total Cap:      1.39686e-10 F
*          Total instances in design: 38344
*          Total instances in design with no power:     0
*          Total instances in design with no activity:     0
*          Total Fillers and Decap:     0
-----------------------------------------------------------------------------------------

